app/build/intermediates/manifest_merge_blame_file/debug/manifest-merger-blame-debug-report.txt
1<?xml version="1.0" encoding="utf-8"?>
2<manifest xmlns:android="http://schemas.android.com/apk/res/android"
3    package="gr.convr.hermes"
4    android:versionCode="1"
5    android:versionName="1.0" >
6
7    <uses-sdk
8        android:minSdkVersion="24"
8-->src\main\AndroidManifest.xml
9        android:targetSdkVersion="29" />
9-->src\main\AndroidManifest.xml
10
11    <uses-permission android:name="android.permission.INTERNET" />
11-->src\main\AndroidManifest.xml:5:5-67
11-->src\main\AndroidManifest.xml:5:22-64
12    <uses-permission android:name="android.permission.CAMERA" />
12-->src\main\AndroidManifest.xml:6:5-65
12-->src\main\AndroidManifest.xml:6:22-62
13    <uses-permission android:name="android.permission.ACCESS_NETWORK_STATE" />
13-->[com.firebaseui:firebase-ui-auth:6.4.0] AndroidManifest.xml:12:5-79
13-->[com.firebaseui:firebase-ui-auth:6.4.0] AndroidManifest.xml:12:22-76
14    <uses-permission android:name="android.permission.WRITE_EXTERNAL_STORAGE" />
14-->[androidmads.library.qrgenearator:QRGenearator:1.0.3] AndroidManifest.xml:11:5-81
14-->[androidmads.library.qrgenearator:QRGenearator:1.0.3] AndroidManifest.xml:11:22-78
15    <uses-permission android:name="android.permission.READ_EXTERNAL_STORAGE" />
16
17    <uses-feature
17-->[com.google.android.gms:play-services-maps:17.0.0] AndroidManifest.xml:26:5-28:35
18        android:glEsVersion="0x00020000"
18-->[com.google.android.gms:play-services-maps:17.0.0] AndroidManifest.xml:27:9-41
19        android:required="true" />
19-->[com.google.android.gms:play-services-maps:17.0.0] AndroidManifest.xml:28:9-32
20
21    <uses-permission android:name="android.permission.WAKE_LOCK" />
21-->[com.google.android.gms:play-services-measurement:18.0.0] AndroidManifest.xml:25:5-68
21-->[com.google.android.gms:play-services-measurement:18.0.0] AndroidManifest.xml:25:22-65
22    <uses-permission android:name="com.google.android.finsky.permission.BIND_GET_INSTALL_REFERRER_SERVICE" />
22-->[com.google.android.gms:play-services-measurement:18.0.0] AndroidManifest.xml:26:5-110
22-->[com.google.android.gms:play-services-measurement:18.0.0] AndroidManifest.xml:26:22-107
23
24    <application
24-->src\main\AndroidManifest.xml:8:5-90:19
25        android:allowBackup="true"
25-->src\main\AndroidManifest.xml:9:9-35
26        android:appComponentFactory="androidx.core.app.CoreComponentFactory"
26-->[androidx.core:core:1.3.1] AndroidManifest.xml:24:18-86
27        android:debuggable="true"
28        android:extractNativeLibs="false"
29        android:icon="@mipmap/ic_launcher"
29-->src\main\AndroidManifest.xml:10:9-43
30        android:label="@string/app_name"
30-->src\main\AndroidManifest.xml:11:9-41
31        android:networkSecurityConfig="@xml/network_security_config"
31-->src\main\AndroidManifest.xml:12:9-69
32        android:roundIcon="@mipmap/ic_launcher_round"
32-->src\main\AndroidManifest.xml:13:9-54
33        android:supportsRtl="true"
33-->src\main\AndroidManifest.xml:14:9-35
34        android:testOnly="true"
35        android:theme="@style/HermesCustomTheme" >
35-->src\main\AndroidManifest.xml:15:9-49
36        <activity android:name="gr.convr.hermes.core.PaypalAccountsActivity" />
36-->src\main\AndroidManifest.xml:16:9-65
36-->src\main\AndroidManifest.xml:16:19-62
37        <activity android:name="gr.convr.hermes.core.CardsActivity" />
37-->src\main\AndroidManifest.xml:17:9-56
37-->src\main\AndroidManifest.xml:17:19-53
38        <activity android:name="gr.convr.hermes.easyfuel.TransactionStatusMessageActivity" />
38-->src\main\AndroidManifest.xml:18:9-79
38-->src\main\AndroidManifest.xml:18:19-76
39        <activity android:name="gr.convr.hermes.core.statistics.PaymentsBreakdownActivity" />
39-->src\main\AndroidManifest.xml:19:9-79
39-->src\main\AndroidManifest.xml:19:19-76
40        <activity android:name="gr.convr.hermes.core.AccountDetails" />
40-->src\main\AndroidManifest.xml:20:9-57
40-->src\main\AndroidManifest.xml:20:19-54
41        <activity android:name="gr.convr.hermes.wickets.WicketCodeActivity" />
41-->src\main\AndroidManifest.xml:21:9-64
41-->src\main\AndroidManifest.xml:21:19-61
42        <activity
42-->src\main\AndroidManifest.xml:22:9-35:20
43            android:name="gr.convr.hermes.easyfuel.tests.NavBar"
43-->src\main\AndroidManifest.xml:23:13-50
44            android:label="@string/title_activity_nav_bar"
44-->src\main\AndroidManifest.xml:24:13-59
45            android:theme="@style/HermesCustomTheme.NoActionBar" > <!-- AppTheme.NoActionBar -->
45-->src\main\AndroidManifest.xml:25:13-65
46
47
48            <!--
49            <intent-filter>
50                <action android:name="android.intent.action.MAIN" />
51
52                <category android:name="android.intent.category.LAUNCHER" />
53            </intent-filter>
54            -->
55        </activity>
56        <activity android:name="gr.convr.hermes.easyfuel.braintreegateway.BraintreeBrowserSwitchActivity" />
56-->src\main\AndroidManifest.xml:36:9-94
56-->src\main\AndroidManifest.xml:36:19-91
57        <activity
57-->src\main\AndroidManifest.xml:37:9-48:20
58            android:name="com.braintreepayments.api.BraintreeBrowserSwitchActivity"
58-->src\main\AndroidManifest.xml:38:13-84
59            android:launchMode="singleTask" >
59-->src\main\AndroidManifest.xml:39:13-44
60            <intent-filter>
60-->src\main\AndroidManifest.xml:40:13-47:29
61                <action android:name="android.intent.action.VIEW" />
61-->src\main\AndroidManifest.xml:41:17-69
61-->src\main\AndroidManifest.xml:41:25-66
62
63                <category android:name="android.intent.category.DEFAULT" />
63-->src\main\AndroidManifest.xml:43:17-76
63-->src\main\AndroidManifest.xml:43:27-73
64                <category android:name="android.intent.category.BROWSABLE" />
64-->src\main\AndroidManifest.xml:44:17-78
64-->src\main\AndroidManifest.xml:44:27-75
65
66                <data android:scheme="gr.convr.hermes.braintree" />
66-->src\main\AndroidManifest.xml:46:23-66
67            </intent-filter>
68        </activity>
69        <activity android:name="gr.convr.hermes.easyfuel.braintreegateway.BraintreeSetupIntentActivity" />
69-->src\main\AndroidManifest.xml:49:9-92
69-->src\main\AndroidManifest.xml:49:19-89
70        <activity android:name="gr.convr.hermes.easyfuel.login.HermesUsageActivity" >
70-->src\main\AndroidManifest.xml:50:9-58:20
70-->src\main\AndroidManifest.xml:50:19-69
71
72            <!--
73            <intent-filter>
74                <action android:name="android.intent.action.MAIN"/>
75                <category android:name="android.intent.category.LAUNCHER"/>
76            </intent-filter>
77            -->
78        </activity>
79        <activity android:name="gr.convr.hermes.easyfuel.enterprice.eu.vatchecker.VATCheckActivity" />
79-->src\main\AndroidManifest.xml:59:9-88
79-->src\main\AndroidManifest.xml:59:19-85
80        <activity android:name="gr.convr.hermes.easyfuel.enterprice.eu.vatchecker.TestActivity" />
80-->src\main\AndroidManifest.xml:60:9-84
80-->src\main\AndroidManifest.xml:60:19-81
81        <activity android:name="gr.convr.hermes.core.MainMenu" >
81-->src\main\AndroidManifest.xml:61:9-69:20
81-->src\main\AndroidManifest.xml:61:19-48
82
83            <!--
84            <intent-filter>
85                <action android:name="android.intent.action.MAIN"/>
86                <category android:name="android.intent.category.LAUNCHER"/>
87            </intent-filter>
88            -->
89        </activity>
90        <activity android:name="gr.convr.hermes.stripe.CardDetailsActivity" />
90-->src\main\AndroidManifest.xml:70:9-64
90-->src\main\AndroidManifest.xml:70:19-61
91        <activity android:name="gr.convr.hermes.stripe.SetupIntentActivity" />
91-->src\main\AndroidManifest.xml:71:9-64
91-->src\main\AndroidManifest.xml:71:19-61
92        <activity android:name="gr.convr.hermes.easyfuel.QuickSelection" />
92-->src\main\AndroidManifest.xml:72:9-61
92-->src\main\AndroidManifest.xml:72:19-58
93        <activity android:name="gr.convr.hermes.easyfuel.NewProfileActivity" />
93-->src\main\AndroidManifest.xml:73:9-65
93-->src\main\AndroidManifest.xml:73:19-62
94        <activity android:name="gr.convr.hermes.easyfuel.ProfilesActivity" />
94-->src\main\AndroidManifest.xml:74:9-63
94-->src\main\AndroidManifest.xml:74:19-60
95        <activity android:name="gr.convr.hermes.easyfuel.BarcodeActivity" />
95-->src\main\AndroidManifest.xml:75:9-62
95-->src\main\AndroidManifest.xml:75:19-59
96        <activity android:name="gr.convr.hermes.easyfuel.MainActivity" />
96-->src\main\AndroidManifest.xml:76:9-59
96-->src\main\AndroidManifest.xml:76:19-56
97        <activity android:name="gr.convr.hermes.google_auth.LoginActivity" />
97-->src\main\AndroidManifest.xml:77:9-63
97-->src\main\AndroidManifest.xml:77:19-60
98        <activity android:name="gr.convr.hermes.google_auth.RegisterActivity" />
98-->src\main\AndroidManifest.xml:78:9-66
98-->src\main\AndroidManifest.xml:78:19-63
99        <activity android:name="gr.convr.hermes.google_auth.AuthenticateActivity" >
99-->src\main\AndroidManifest.xml:79:9-85:20
99-->src\main\AndroidManifest.xml:79:19-67
100            <intent-filter>
100-->src\main\AndroidManifest.xml:80:13-84:29
101                <action android:name="android.intent.action.MAIN" />
101-->src\main\AndroidManifest.xml:81:17-69
101-->src\main\AndroidManifest.xml:81:25-66
102
103                <category android:name="android.intent.category.LAUNCHER" />
103-->src\main\AndroidManifest.xml:83:17-77
103-->src\main\AndroidManifest.xml:83:27-74
104            </intent-filter>
105        </activity>
106
107        <meta-data
107-->src\main\AndroidManifest.xml:87:9-89:36
108            android:name="com.google.android.gms.wallet.api.enabled"
108-->src\main\AndroidManifest.xml:88:13-69
109            android:value="true" />
109-->src\main\AndroidManifest.xml:89:13-33
110        <meta-data
110-->[com.firebaseui:firebase-ui-auth:6.4.0] AndroidManifest.xml:16:9-18:69
111            android:name="com.google.android.gms.version"
111-->[com.firebaseui:firebase-ui-auth:6.4.0] AndroidManifest.xml:17:13-58
112            android:value="@integer/google_play_services_version" />
112-->[com.firebaseui:firebase-ui-auth:6.4.0] AndroidManifest.xml:18:13-66
113        <meta-data
113-->[com.firebaseui:firebase-ui-auth:6.4.0] AndroidManifest.xml:19:9-21:63
114            android:name="com.facebook.sdk.ApplicationId"
114-->[com.firebaseui:firebase-ui-auth:6.4.0] AndroidManifest.xml:20:13-58
115            android:value="@string/facebook_application_id" />
115-->[com.firebaseui:firebase-ui-auth:6.4.0] AndroidManifest.xml:21:13-60
116
117        <activity
117-->[com.firebaseui:firebase-ui-auth:6.4.0] AndroidManifest.xml:23:9-27:61
118            android:name="com.firebase.ui.auth.KickoffActivity"
118-->[com.firebaseui:firebase-ui-auth:6.4.0] AndroidManifest.xml:24:13-64
119            android:exported="false"
119-->[com.firebaseui:firebase-ui-auth:6.4.0] AndroidManifest.xml:25:13-37
120            android:label=""
120-->[com.firebaseui:firebase-ui-auth:6.4.0] AndroidManifest.xml:26:13-29
121            android:theme="@style/FirebaseUI.Transparent" />
121-->[com.firebaseui:firebase-ui-auth:6.4.0] AndroidManifest.xml:27:13-58
122        <activity
122-->[com.firebaseui:firebase-ui-auth:6.4.0] AndroidManifest.xml:28:9-32:61
123            android:name="com.firebase.ui.auth.ui.idp.SingleSignInActivity"
123-->[com.firebaseui:firebase-ui-auth:6.4.0] AndroidManifest.xml:29:13-76
124            android:exported="false"
124-->[com.firebaseui:firebase-ui-auth:6.4.0] AndroidManifest.xml:30:13-37
125            android:label=""
125-->[com.firebaseui:firebase-ui-auth:6.4.0] AndroidManifest.xml:31:13-29
126            android:theme="@style/FirebaseUI.Transparent" />
126-->[com.firebaseui:firebase-ui-auth:6.4.0] AndroidManifest.xml:32:13-58
127        <activity
127-->[com.firebaseui:firebase-ui-auth:6.4.0] AndroidManifest.xml:33:9-37:61
128            android:name="com.firebase.ui.auth.ui.credentials.CredentialSaveActivity"
128-->[com.firebaseui:firebase-ui-auth:6.4.0] AndroidManifest.xml:34:13-86
129            android:exported="false"
129-->[com.firebaseui:firebase-ui-auth:6.4.0] AndroidManifest.xml:35:13-37
130            android:label=""
130-->[com.firebaseui:firebase-ui-auth:6.4.0] AndroidManifest.xml:36:13-29
131            android:theme="@style/FirebaseUI.Transparent" />
131-->[com.firebaseui:firebase-ui-auth:6.4.0] AndroidManifest.xml:37:13-58
132        <activity
132-->[com.firebaseui:firebase-ui-auth:6.4.0] AndroidManifest.xml:38:9-42:58
133            android:name="com.firebase.ui.auth.ui.email.RecoverPasswordActivity"
133-->[com.firebaseui:firebase-ui-auth:6.4.0] AndroidManifest.xml:39:13-81
134            android:exported="false"
134-->[com.firebaseui:firebase-ui-auth:6.4.0] AndroidManifest.xml:40:13-37
135            android:label="@string/fui_title_recover_password_activity"
135-->[com.firebaseui:firebase-ui-auth:6.4.0] AndroidManifest.xml:41:13-72
136            android:windowSoftInputMode="adjustResize" />
136-->[com.firebaseui:firebase-ui-auth:6.4.0] AndroidManifest.xml:42:13-55
137        <activity
137-->[com.firebaseui:firebase-ui-auth:6.4.0] AndroidManifest.xml:43:9-47:58
138            android:name="com.firebase.ui.auth.ui.email.EmailActivity"
138-->[com.firebaseui:firebase-ui-auth:6.4.0] AndroidManifest.xml:44:13-71
139            android:exported="false"
139-->[com.firebaseui:firebase-ui-auth:6.4.0] AndroidManifest.xml:45:13-37
140            android:label="@string/fui_sign_in_default"
140-->[com.firebaseui:firebase-ui-auth:6.4.0] AndroidManifest.xml:46:13-56
141            android:windowSoftInputMode="adjustResize" />
141-->[com.firebaseui:firebase-ui-auth:6.4.0] AndroidManifest.xml:47:13-55
142        <activity
142-->[com.firebaseui:firebase-ui-auth:6.4.0] AndroidManifest.xml:48:9-52:77
143            android:name="com.firebase.ui.auth.ui.phone.PhoneActivity"
143-->[com.firebaseui:firebase-ui-auth:6.4.0] AndroidManifest.xml:49:13-71
144            android:exported="false"
144-->[com.firebaseui:firebase-ui-auth:6.4.0] AndroidManifest.xml:50:13-37
145            android:label="@string/fui_sign_in_with_phone_number"
145-->[com.firebaseui:firebase-ui-auth:6.4.0] AndroidManifest.xml:51:13-66
146            android:windowSoftInputMode="adjustResize|stateAlwaysVisible" />
146-->[com.firebaseui:firebase-ui-auth:6.4.0] AndroidManifest.xml:52:13-74
147        <activity
147-->[com.firebaseui:firebase-ui-auth:6.4.0] AndroidManifest.xml:53:9-57:58
148            android:name="com.firebase.ui.auth.ui.idp.WelcomeBackIdpPrompt"
148-->[com.firebaseui:firebase-ui-auth:6.4.0] AndroidManifest.xml:54:13-76
149            android:exported="false"
149-->[com.firebaseui:firebase-ui-auth:6.4.0] AndroidManifest.xml:55:13-37
150            android:label="@string/fui_title_welcome_back_idp_prompt"
150-->[com.firebaseui:firebase-ui-auth:6.4.0] AndroidManifest.xml:56:13-70
151            android:windowSoftInputMode="adjustResize" />
151-->[com.firebaseui:firebase-ui-auth:6.4.0] AndroidManifest.xml:57:13-55
152        <activity
152-->[com.firebaseui:firebase-ui-auth:6.4.0] AndroidManifest.xml:58:9-62:58
153            android:name="com.firebase.ui.auth.ui.email.WelcomeBackPasswordPrompt"
153-->[com.firebaseui:firebase-ui-auth:6.4.0] AndroidManifest.xml:59:13-83
154            android:exported="false"
154-->[com.firebaseui:firebase-ui-auth:6.4.0] AndroidManifest.xml:60:13-37
155            android:label="@string/fui_title_welcome_back_password_prompt"
155-->[com.firebaseui:firebase-ui-auth:6.4.0] AndroidManifest.xml:61:13-75
156            android:windowSoftInputMode="adjustResize" />
156-->[com.firebaseui:firebase-ui-auth:6.4.0] AndroidManifest.xml:62:13-55
157        <activity
157-->[com.firebaseui:firebase-ui-auth:6.4.0] AndroidManifest.xml:63:9-67:58
158            android:name="com.firebase.ui.auth.ui.email.WelcomeBackEmailLinkPrompt"
158-->[com.firebaseui:firebase-ui-auth:6.4.0] AndroidManifest.xml:64:13-84
159            android:exported="false"
159-->[com.firebaseui:firebase-ui-auth:6.4.0] AndroidManifest.xml:65:13-37
160            android:label="@string/fui_title_welcome_back_password_prompt"
160-->[com.firebaseui:firebase-ui-auth:6.4.0] AndroidManifest.xml:66:13-75
161            android:windowSoftInputMode="adjustResize" />
161-->[com.firebaseui:firebase-ui-auth:6.4.0] AndroidManifest.xml:67:13-55
162        <activity
162-->[com.firebaseui:firebase-ui-auth:6.4.0] AndroidManifest.xml:68:9-73:58
163            android:name="com.firebase.ui.auth.ui.email.EmailLinkCatcherActivity"
163-->[com.firebaseui:firebase-ui-auth:6.4.0] AndroidManifest.xml:69:13-82
164            android:exported="false"
164-->[com.firebaseui:firebase-ui-auth:6.4.0] AndroidManifest.xml:70:13-37
165            android:label=""
165-->[com.firebaseui:firebase-ui-auth:6.4.0] AndroidManifest.xml:71:13-29
166            android:theme="@style/FirebaseUI.Transparent"
166-->[com.firebaseui:firebase-ui-auth:6.4.0] AndroidManifest.xml:72:13-58
167            android:windowSoftInputMode="adjustResize" />
167-->[com.firebaseui:firebase-ui-auth:6.4.0] AndroidManifest.xml:73:13-55
168        <activity
168-->[com.firebaseui:firebase-ui-auth:6.4.0] AndroidManifest.xml:74:9-78:58
169            android:name="com.firebase.ui.auth.ui.email.EmailLinkErrorRecoveryActivity"
169-->[com.firebaseui:firebase-ui-auth:6.4.0] AndroidManifest.xml:75:13-88
170            android:exported="false"
170-->[com.firebaseui:firebase-ui-auth:6.4.0] AndroidManifest.xml:76:13-37
171            android:label="@string/fui_sign_in_default"
171-->[com.firebaseui:firebase-ui-auth:6.4.0] AndroidManifest.xml:77:13-56
172            android:windowSoftInputMode="adjustResize" />
172-->[com.firebaseui:firebase-ui-auth:6.4.0] AndroidManifest.xml:78:13-55
173        <activity
173-->[com.firebaseui:firebase-ui-auth:6.4.0] AndroidManifest.xml:79:9-82:65
174            android:name="com.firebase.ui.auth.ui.idp.AuthMethodPickerActivity"
174-->[com.firebaseui:firebase-ui-auth:6.4.0] AndroidManifest.xml:80:13-80
175            android:exported="false"
175-->[com.firebaseui:firebase-ui-auth:6.4.0] AndroidManifest.xml:81:13-37
176            android:label="@string/fui_default_toolbar_title" />
176-->[com.firebaseui:firebase-ui-auth:6.4.0] AndroidManifest.xml:82:13-62
177        <activity
177-->[com.firebaseui:firebase-ui-auth:6.4.0] AndroidManifest.xml:83:9-87:48
178            android:name="com.facebook.FacebookActivity"
178-->[com.firebaseui:firebase-ui-auth:6.4.0] AndroidManifest.xml:84:13-57
179            android:configChanges="keyboard|keyboardHidden|screenLayout|screenSize|orientation"
179-->[com.firebaseui:firebase-ui-auth:6.4.0] AndroidManifest.xml:85:13-96
180            android:label="@string/app_name" />
180-->[com.firebaseui:firebase-ui-auth:6.4.0] AndroidManifest.xml:86:13-45
181        <activity
181-->[com.firebaseui:firebase-ui-auth:6.4.0] AndroidManifest.xml:88:9-100:20
182            android:name="com.facebook.CustomTabActivity"
182-->[com.firebaseui:firebase-ui-auth:6.4.0] AndroidManifest.xml:89:13-58
183            android:exported="true" >
183-->[com.firebaseui:firebase-ui-auth:6.4.0] AndroidManifest.xml:90:13-36
184            <intent-filter>
184-->[com.firebaseui:firebase-ui-auth:6.4.0] AndroidManifest.xml:92:13-99:29
185                <action android:name="android.intent.action.VIEW" />
185-->src\main\AndroidManifest.xml:41:17-69
185-->src\main\AndroidManifest.xml:41:25-66
186
187                <category android:name="android.intent.category.DEFAULT" />
187-->src\main\AndroidManifest.xml:43:17-76
187-->src\main\AndroidManifest.xml:43:27-73
188                <category android:name="android.intent.category.BROWSABLE" />
188-->src\main\AndroidManifest.xml:44:17-78
188-->src\main\AndroidManifest.xml:44:27-75
189
190                <data android:scheme="@string/facebook_login_protocol_scheme" />
190-->src\main\AndroidManifest.xml:46:23-66
191            </intent-filter>
192        </activity>
193
194        <provider
194-->[com.firebaseui:firebase-ui-auth:6.4.0] AndroidManifest.xml:102:9-106:38
195            android:name="com.firebase.ui.auth.data.client.AuthUiInitProvider"
195-->[com.firebaseui:firebase-ui-auth:6.4.0] AndroidManifest.xml:103:13-79
196            android:authorities="gr.convr.hermes.authuiinitprovider"
196-->[com.firebaseui:firebase-ui-auth:6.4.0] AndroidManifest.xml:104:13-70
197            android:exported="false"
197-->[com.firebaseui:firebase-ui-auth:6.4.0] AndroidManifest.xml:105:13-37
198            android:initOrder="90" />
198-->[com.firebaseui:firebase-ui-auth:6.4.0] AndroidManifest.xml:106:13-35
199
200        <activity
200-->[com.stripe:stripe-android:12.5.0] AndroidManifest.xml:12:9-14:57
201            android:name="com.stripe.android.view.AddPaymentMethodActivity"
201-->[com.stripe:stripe-android:12.5.0] AndroidManifest.xml:13:13-76
202            android:theme="@style/StripeDefaultTheme" />
202-->[com.stripe:stripe-android:12.5.0] AndroidManifest.xml:14:13-54
203        <activity
203-->[com.stripe:stripe-android:12.5.0] AndroidManifest.xml:15:9-17:57
204            android:name="com.stripe.android.view.PaymentMethodsActivity"
204-->[com.stripe:stripe-android:12.5.0] AndroidManifest.xml:16:13-74
205            android:theme="@style/StripeDefaultTheme" />
205-->[com.stripe:stripe-android:12.5.0] AndroidManifest.xml:17:13-54
206        <activity
206-->[com.stripe:stripe-android:12.5.0] AndroidManifest.xml:18:9-20:57
207            android:name="com.stripe.android.view.PaymentFlowActivity"
207-->[com.stripe:stripe-android:12.5.0] AndroidManifest.xml:19:13-71
208            android:theme="@style/StripeDefaultTheme" />
208-->[com.stripe:stripe-android:12.5.0] AndroidManifest.xml:20:13-54
209        <activity
209-->[com.stripe:stripe-android:12.5.0] AndroidManifest.xml:21:9-23:57
210            android:name="com.stripe.android.view.PaymentAuthWebViewActivity"
210-->[com.stripe:stripe-android:12.5.0] AndroidManifest.xml:22:13-78
211            android:theme="@style/StripeDefaultTheme" />
211-->[com.stripe:stripe-android:12.5.0] AndroidManifest.xml:23:13-54
212        <activity
212-->[com.stripe:stripe-android:12.5.0] AndroidManifest.xml:24:9-26:57
213            android:name="com.stripe.android.view.PaymentRelayActivity"
213-->[com.stripe:stripe-android:12.5.0] AndroidManifest.xml:25:13-72
214            android:theme="@style/StripeDefaultTheme" />
214-->[com.stripe:stripe-android:12.5.0] AndroidManifest.xml:26:13-54
215        <activity
215-->[com.stripe:stripe-3ds2-android:2.2.2] AndroidManifest.xml:12:9-14:54
216            android:name="com.stripe.android.stripe3ds2.views.ChallengeActivity"
216-->[com.stripe:stripe-3ds2-android:2.2.2] AndroidManifest.xml:13:13-81
217            android:theme="@style/Stripe3DS2Theme" />
217-->[com.stripe:stripe-3ds2-android:2.2.2] AndroidManifest.xml:14:13-51
218        <activity
218-->[com.stripe:stripe-3ds2-android:2.2.2] AndroidManifest.xml:15:9-17:54
219            android:name="com.stripe.android.stripe3ds2.views.ChallengeProgressDialogActivity"
219-->[com.stripe:stripe-3ds2-android:2.2.2] AndroidManifest.xml:16:13-95
220            android:theme="@style/Stripe3DS2Theme" />
220-->[com.stripe:stripe-3ds2-android:2.2.2] AndroidManifest.xml:17:13-51
221        <activity
221-->[com.braintreepayments.api:drop-in:4.5.0] AndroidManifest.xml:18:9-20:64
222            android:name="com.braintreepayments.api.dropin.DropInActivity"
222-->[com.braintreepayments.api:drop-in:4.5.0] AndroidManifest.xml:19:13-75
223            android:theme="@style/bt_drop_in_activity_theme" />
223-->[com.braintreepayments.api:drop-in:4.5.0] AndroidManifest.xml:20:13-61
224        <activity
224-->[com.braintreepayments.api:drop-in:4.5.0] AndroidManifest.xml:21:9-23:65
225            android:name="com.braintreepayments.api.dropin.AddCardActivity"
225-->[com.braintreepayments.api:drop-in:4.5.0] AndroidManifest.xml:22:13-76
226            android:theme="@style/bt_add_card_activity_theme" />
226-->[com.braintreepayments.api:drop-in:4.5.0] AndroidManifest.xml:23:13-62
227        <activity
227-->[com.braintreepayments.api:drop-in:4.5.0] AndroidManifest.xml:24:9-26:70
228            android:name="com.braintreepayments.api.dropin.VaultManagerActivity"
228-->[com.braintreepayments.api:drop-in:4.5.0] AndroidManifest.xml:25:13-81
229            android:theme="@style/bt_vault_manager_activity_theme" />
229-->[com.braintreepayments.api:drop-in:4.5.0] AndroidManifest.xml:26:13-67
230
231        <service android:name="com.braintreepayments.api.internal.AnalyticsIntentService" />
231-->[com.braintreepayments.api:braintree:3.7.2] AndroidManifest.xml:17:9-93
231-->[com.braintreepayments.api:braintree:3.7.2] AndroidManifest.xml:17:18-90
232
233        <activity android:name="com.braintreepayments.api.ThreeDSecureActivity" />
233-->[com.braintreepayments.api:braintree:3.7.2] AndroidManifest.xml:19:9-83
233-->[com.braintreepayments.api:braintree:3.7.2] AndroidManifest.xml:19:19-80
234        <activity
234-->[com.google.firebase:firebase-auth:20.0.1] AndroidManifest.xml:27:9-44:20
235            android:name="com.google.firebase.auth.internal.GenericIdpActivity"
235-->[com.google.firebase:firebase-auth:20.0.1] AndroidManifest.xml:28:13-80
236            android:excludeFromRecents="true"
236-->[com.google.firebase:firebase-auth:20.0.1] AndroidManifest.xml:29:13-46
237            android:exported="true"
237-->[com.google.firebase:firebase-auth:20.0.1] AndroidManifest.xml:30:13-36
238            android:launchMode="singleTask"
238-->[com.google.firebase:firebase-auth:20.0.1] AndroidManifest.xml:31:13-44
239            android:theme="@android:style/Theme.Translucent.NoTitleBar" >
239-->[com.google.firebase:firebase-auth:20.0.1] AndroidManifest.xml:32:13-72
240            <intent-filter>
240-->[com.google.firebase:firebase-auth:20.0.1] AndroidManifest.xml:33:13-43:29
241                <action android:name="android.intent.action.VIEW" />
241-->src\main\AndroidManifest.xml:41:17-69
241-->src\main\AndroidManifest.xml:41:25-66
242
243                <category android:name="android.intent.category.DEFAULT" />
243-->src\main\AndroidManifest.xml:43:17-76
243-->src\main\AndroidManifest.xml:43:27-73
244                <category android:name="android.intent.category.BROWSABLE" />
244-->src\main\AndroidManifest.xml:44:17-78
244-->src\main\AndroidManifest.xml:44:27-75
245
246                <data
247                    android:host="firebase.auth"
248                    android:path="/"
249                    android:scheme="genericidp" />
249-->src\main\AndroidManifest.xml:46:23-66
250            </intent-filter>
251        </activity>
252        <activity
252-->[com.google.firebase:firebase-auth:20.0.1] AndroidManifest.xml:45:9-62:20
253            android:name="com.google.firebase.auth.internal.RecaptchaActivity"
253-->[com.google.firebase:firebase-auth:20.0.1] AndroidManifest.xml:46:13-79
254            android:excludeFromRecents="true"
254-->[com.google.firebase:firebase-auth:20.0.1] AndroidManifest.xml:47:13-46
255            android:exported="true"
255-->[com.google.firebase:firebase-auth:20.0.1] AndroidManifest.xml:48:13-36
256            android:launchMode="singleTask"
256-->[com.google.firebase:firebase-auth:20.0.1] AndroidManifest.xml:49:13-44
257            android:theme="@android:style/Theme.Translucent.NoTitleBar" >
257-->[com.google.firebase:firebase-auth:20.0.1] AndroidManifest.xml:50:13-72
258            <intent-filter>
258-->[com.google.firebase:firebase-auth:20.0.1] AndroidManifest.xml:51:13-61:29
259                <action android:name="android.intent.action.VIEW" />
259-->src\main\AndroidManifest.xml:41:17-69
259-->src\main\AndroidManifest.xml:41:25-66
260
261                <category android:name="android.intent.category.DEFAULT" />
261-->src\main\AndroidManifest.xml:43:17-76
261-->src\main\AndroidManifest.xml:43:27-73
262                <category android:name="android.intent.category.BROWSABLE" />
262-->src\main\AndroidManifest.xml:44:17-78
262-->src\main\AndroidManifest.xml:44:27-75
263
264                <data
265                    android:host="firebase.auth"
266                    android:path="/"
267                    android:scheme="recaptcha" />
267-->src\main\AndroidManifest.xml:46:23-66
268            </intent-filter>
269        </activity>
270
271        <service
271-->[com.google.firebase:firebase-auth:20.0.1] AndroidManifest.xml:64:9-73:19
272            android:name="com.google.firebase.auth.api.fallback.service.FirebaseAuthFallbackService"
272-->[com.google.firebase:firebase-auth:20.0.1] AndroidManifest.xml:65:13-101
273            android:enabled="true"
273-->[com.google.firebase:firebase-auth:20.0.1] AndroidManifest.xml:66:13-35
274            android:exported="false" >
274-->[com.google.firebase:firebase-auth:20.0.1] AndroidManifest.xml:67:13-37
275            <intent-filter>
275-->[com.google.firebase:firebase-auth:20.0.1] AndroidManifest.xml:68:13-72:29
276                <action android:name="com.google.firebase.auth.api.gms.service.START" />
276-->[com.google.firebase:firebase-auth:20.0.1] AndroidManifest.xml:69:17-89
276-->[com.google.firebase:firebase-auth:20.0.1] AndroidManifest.xml:69:25-86
277
278                <category android:name="android.intent.category.DEFAULT" />
278-->src\main\AndroidManifest.xml:43:17-76
278-->src\main\AndroidManifest.xml:43:27-73
279            </intent-filter>
280        </service>
281        <service
281-->[com.google.firebase:firebase-auth:20.0.1] AndroidManifest.xml:74:9-80:19
282            android:name="com.google.firebase.components.ComponentDiscoveryService"
282-->[com.google.firebase:firebase-auth:20.0.1] AndroidManifest.xml:75:13-84
283            android:directBootAware="true"
283-->[com.google.firebase:firebase-common:19.5.0] AndroidManifest.xml:35:13-43
284            android:exported="false" >
284-->[com.google.firebase:firebase-auth:20.0.1] AndroidManifest.xml:76:13-37
285            <meta-data